#
# There is insufficient memory for the Java Runtime Environment to continue.
# Native memory allocation (malloc) failed to allocate 32744 bytes for ChunkPool::allocate
# Possible reasons:
#   The system is out of physical RAM or swap space
#   The process is running with CompressedOops enabled, and the Java Heap may be blocking the growth of the native heap
# Possible solutions:
#   Reduce memory load on the system
#   Increase physical memory or swap space
#   Check if swap backing store is full
#   Decrease Java heap size (-Xmx/-Xms)
#   Decrease number of Java threads
#   Decrease Java thread stack sizes (-Xss)
#   Set larger code cache with -XX:ReservedCodeCacheSize=
#   JVM is running with Unscaled Compressed Oops mode in which the Java heap is
#     placed in the first 4GB address space. The Java Heap base address is the
#     maximum limit for the native heap growth. Please use -XX:HeapBaseMinAddress
#     to set the Java Heap base and to place the Java Heap above 4GB virtual address.
# This output file may be truncated or incomplete.
#
#  Out of Memory Error (allocation.cpp:272), pid=756, tid=0x0000000000002248
#
# JRE version: Java(TM) SE Runtime Environment (8.0_261-b12) (build 1.8.0_261-b12)
# Java VM: Java HotSpot(TM) 64-Bit Server VM (25.261-b12 mixed mode windows-amd64 compressed oops)
# Failed to write core dump. Minidumps are not enabled by default on client versions of Windows
#

---------------  T H R E A D  ---------------

Current thread (0x000001cdf85ba800):  JavaThread "C2 CompilerThread0" daemon [_thread_in_native, id=8776, stack(0x0000008ecf100000,0x0000008ecf200000)]

Stack: [0x0000008ecf100000,0x0000008ecf200000]
Native frames: (J=compiled Java code, j=interpreted, Vv=VM code, C=native code)
V  [jvm.dll+0x33e5f9]


Current CompileTask:
C2:   5865 4507       4       com.sun.beans.TypeResolver::resolve (37 bytes)


---------------  P R O C E S S  ---------------

Java Threads: ( => current thread )
  0x000001cdfdd2b800 JavaThread "lettuce-timer-3-1" [_thread_blocked, id=9080, stack(0x0000008ecfb00000,0x0000008ecfc00000)]
  0x000001cdfdd2a000 JavaThread "Druid-ConnectionPool-Destroy-280397810" daemon [_thread_blocked, id=16500, stack(0x0000008ecfa00000,0x0000008ecfb00000)]
  0x000001cdfdd2f000 JavaThread "Druid-ConnectionPool-Create-280397810" daemon [_thread_blocked, id=6072, stack(0x0000008ecf900000,0x0000008ecfa00000)]
  0x000001cdfdd2d000 JavaThread "Druid-ConnectionPool-Destroy-1710491273" daemon [_thread_blocked, id=16524, stack(0x0000008ecf800000,0x0000008ecf900000)]
  0x000001cdfdd30000 JavaThread "Druid-ConnectionPool-Create-1710491273" daemon [_thread_blocked, id=1120, stack(0x0000008ecf700000,0x0000008ecf800000)]
  0x000001cdfdd2c000 JavaThread "mysql-cj-abandoned-connection-cleanup" daemon [_thread_blocked, id=11312, stack(0x0000008ecf600000,0x0000008ecf700000)]
  0x000001cdf8627800 JavaThread "Service Thread" daemon [_thread_blocked, id=14960, stack(0x0000008ecf400000,0x0000008ecf500000)]
  0x000001cdf861f000 JavaThread "C1 CompilerThread2" daemon [_thread_blocked, id=14856, stack(0x0000008ecf300000,0x0000008ecf400000)]
  0x000001cdf8619000 JavaThread "C2 CompilerThread1" daemon [_thread_in_native, id=15356, stack(0x0000008ecf200000,0x0000008ecf300000)]
=>0x000001cdf85ba800 JavaThread "C2 CompilerThread0" daemon [_thread_in_native, id=8776, stack(0x0000008ecf100000,0x0000008ecf200000)]
  0x000001cdf85b9000 JavaThread "Monitor Ctrl-Break" daemon [_thread_in_native, id=15760, stack(0x0000008ecf000000,0x0000008ecf100000)]
  0x000001cdf853a000 JavaThread "Attach Listener" daemon [_thread_blocked, id=15696, stack(0x0000008ecef00000,0x0000008ecf000000)]
  0x000001cdf858f800 JavaThread "Signal Dispatcher" daemon [_thread_blocked, id=15208, stack(0x0000008ecee00000,0x0000008ecef00000)]
  0x000001cdf850c800 JavaThread "Finalizer" daemon [_thread_blocked, id=15788, stack(0x0000008eced00000,0x0000008ecee00000)]
  0x000001cdf8505800 JavaThread "Reference Handler" daemon [_thread_blocked, id=12028, stack(0x0000008ecec00000,0x0000008eced00000)]
  0x000001cde3a6f800 JavaThread "main" [_thread_in_vm, id=15928, stack(0x0000008ece600000,0x0000008ece700000)]

Other Threads:
  0x000001cdf84dc000 VMThread [stack: 0x0000008eceb00000,0x0000008ecec00000] [id=15896]
  0x000001cdf86b4800 WatcherThread [stack: 0x0000008ecf500000,0x0000008ecf600000] [id=8104]

VM state:not at safepoint (normal execution)

VM Mutex/Monitor currently owned by a thread: None

heap address: 0x0000000080a00000, size: 2038 MB, Compressed Oops mode: 32-bit
Narrow klass base: 0x0000000000000000, Narrow klass shift: 3
Compressed class space size: 1073741824 Address: 0x0000000100000000

Heap:
 PSYoungGen      total 257024K, used 67962K [0x00000000d5900000, 0x00000000ede80000, 0x0000000100000000)
  eden space 245248K, 22% used [0x00000000d5900000,0x00000000d8fe1580,0x00000000e4880000)
  from space 11776K, 99% used [0x00000000e4880000,0x00000000e53fd2e0,0x00000000e5400000)
  to   space 16384K, 0% used [0x00000000ece80000,0x00000000ece80000,0x00000000ede80000)
 ParOldGen       total 58880K, used 20962K [0x0000000080a00000, 0x0000000084380000, 0x00000000d5900000)
  object space 58880K, 35% used [0x0000000080a00000,0x0000000081e78928,0x0000000084380000)
 Metaspace       used 52528K, capacity 55770K, committed 55936K, reserved 1097728K
  class space    used 6832K, capacity 7447K, committed 7552K, reserved 1048576K

Card table byte_map: [0x000001cdf2fc0000,0x000001cdf33c0000] byte_map_base: 0x000001cdf2bbb000

Marking Bits: (ParMarkBitMap*) 0x000000006d1b4fb0
 Begin Bits: [0x000001cdf3670000, 0x000001cdf5648000)
 End Bits:   [0x000001cdf5648000, 0x000001cdf7620000)

Polling page: 0x000001cde3260000

CodeCache: size=245760Kb used=16601Kb max_used=16601Kb free=229158Kb
 bounds [0x000001cde3c00000, 0x000001cde4c40000, 0x000001cdf2c00000]
 total_blobs=5055 nmethods=4544 adapters=423
 compilation: enabled

Compilation events (10 events):
Event: 5.858 Thread 0x000001cdf861f000 4582       3       java.lang.reflect.Constructor::getParameterCount (6 bytes)
Event: 5.859 Thread 0x000001cdf861f000 nmethod 4582 0x000001cde4c3b210 code [0x000001cde4c3b360, 0x000001cde4c3b4b8]
Event: 5.860 Thread 0x000001cdf861f000 4583       3       org.springframework.core.env.PropertySource::equals (35 bytes)
Event: 5.860 Thread 0x000001cdf861f000 nmethod 4583 0x000001cde4c3b550 code [0x000001cde4c3b700, 0x000001cde4c3bcd0]
Event: 5.861 Thread 0x000001cdf861f000 4584       3       java.util.TimSort::countRunAndMakeAscending (128 bytes)
Event: 5.861 Thread 0x000001cdf861f000 nmethod 4584 0x000001cde4c3be10 code [0x000001cde4c3c000, 0x000001cde4c3cab0]
Event: 5.861 Thread 0x000001cdf861f000 4585       3       org.springframework.boot.context.properties.bind.JavaBeanBinder$Bean::addField (27 bytes)
Event: 5.861 Thread 0x000001cdf861f000 nmethod 4585 0x000001cde4c3cf90 code [0x000001cde4c3d120, 0x000001cde4c3d5d0]
Event: 5.861 Thread 0x000001cdf861f000 4586       3       org.springframework.boot.context.properties.bind.Binder$Context::clearConfigurationProperty (6 bytes)
Event: 5.861 Thread 0x000001cdf861f000 nmethod 4586 0x000001cde4c3d750 code [0x000001cde4c3d8a0, 0x000001cde4c3da18]

GC Heap History (10 events):
Event: 2.277 GC heap before
{Heap before GC invocations=7 (full 1):
 PSYoungGen      total 71680K, used 66560K [0x00000000d5900000, 0x00000000ded00000, 0x0000000100000000)
  eden space 66560K, 100% used [0x00000000d5900000,0x00000000d9a00000,0x00000000d9a00000)
  from space 5120K, 0% used [0x00000000d9a00000,0x00000000d9a00000,0x00000000d9f00000)
  to   space 9216K, 0% used [0x00000000de400000,0x00000000de400000,0x00000000ded00000)
 ParOldGen       total 44544K, used 5343K [0x0000000080a00000, 0x0000000083580000, 0x00000000d5900000)
  object space 44544K, 11% used [0x0000000080a00000,0x0000000080f37dc8,0x0000000083580000)
 Metaspace       used 24573K, capacity 26256K, committed 26368K, reserved 1073152K
  class space    used 3178K, capacity 3500K, committed 3584K, reserved 1048576K
Event: 2.282 GC heap after
Heap after GC invocations=7 (full 1):
 PSYoungGen      total 135680K, used 6813K [0x00000000d5900000, 0x00000000deb00000, 0x0000000100000000)
  eden space 128512K, 0% used [0x00000000d5900000,0x00000000d5900000,0x00000000dd680000)
  from space 7168K, 95% used [0x00000000de400000,0x00000000deaa76f0,0x00000000deb00000)
  to   space 9216K, 0% used [0x00000000dd900000,0x00000000dd900000,0x00000000de200000)
 ParOldGen       total 44544K, used 5351K [0x0000000080a00000, 0x0000000083580000, 0x00000000d5900000)
  object space 44544K, 12% used [0x0000000080a00000,0x0000000080f39dc8,0x0000000083580000)
 Metaspace       used 24573K, capacity 26256K, committed 26368K, reserved 1073152K
  class space    used 3178K, capacity 3500K, committed 3584K, reserved 1048576K
}
Event: 3.471 GC heap before
{Heap before GC invocations=8 (full 1):
 PSYoungGen      total 135680K, used 135325K [0x00000000d5900000, 0x00000000deb00000, 0x0000000100000000)
  eden space 128512K, 100% used [0x00000000d5900000,0x00000000dd680000,0x00000000dd680000)
  from space 7168K, 95% used [0x00000000de400000,0x00000000deaa76f0,0x00000000deb00000)
  to   space 9216K, 0% used [0x00000000dd900000,0x00000000dd900000,0x00000000de200000)
 ParOldGen       total 44544K, used 5351K [0x0000000080a00000, 0x0000000083580000, 0x00000000d5900000)
  object space 44544K, 12% used [0x0000000080a00000,0x0000000080f39dc8,0x0000000083580000)
 Metaspace       used 31214K, capacity 33554K, committed 33792K, reserved 1079296K
  class space    used 4054K, capacity 4489K, committed 4608K, reserved 1048576K
Event: 3.484 GC heap after
Heap after GC invocations=8 (full 1):
 PSYoungGen      total 140288K, used 9213K [0x00000000d5900000, 0x00000000e5f80000, 0x0000000100000000)
  eden space 131072K, 0% used [0x00000000d5900000,0x00000000d5900000,0x00000000dd900000)
  from space 9216K, 99% used [0x00000000dd900000,0x00000000de1ff6c8,0x00000000de200000)
  to   space 11776K, 0% used [0x00000000e5400000,0x00000000e5400000,0x00000000e5f80000)
 ParOldGen       total 44544K, used 8684K [0x0000000080a00000, 0x0000000083580000, 0x00000000d5900000)
  object space 44544K, 19% used [0x0000000080a00000,0x000000008127b0b8,0x0000000083580000)
 Metaspace       used 31214K, capacity 33554K, committed 33792K, reserved 1079296K
  class space    used 4054K, capacity 4489K, committed 4608K, reserved 1048576K
}
Event: 3.634 GC heap before
{Heap before GC invocations=9 (full 1):
 PSYoungGen      total 140288K, used 33616K [0x00000000d5900000, 0x00000000e5f80000, 0x0000000100000000)
  eden space 131072K, 18% used [0x00000000d5900000,0x00000000d70d4988,0x00000000dd900000)
  from space 9216K, 99% used [0x00000000dd900000,0x00000000de1ff6c8,0x00000000de200000)
  to   space 11776K, 0% used [0x00000000e5400000,0x00000000e5400000,0x00000000e5f80000)
 ParOldGen       total 44544K, used 8684K [0x0000000080a00000, 0x0000000083580000, 0x00000000d5900000)
  object space 44544K, 19% used [0x0000000080a00000,0x000000008127b0b8,0x0000000083580000)
 Metaspace       used 33052K, capacity 35346K, committed 35456K, reserved 1079296K
  class space    used 4260K, capacity 4681K, committed 4736K, reserved 1048576K
Event: 3.640 GC heap after
Heap after GC invocations=9 (full 1):
 PSYoungGen      total 257024K, used 8206K [0x00000000d5900000, 0x00000000e6200000, 0x0000000100000000)
  eden space 245248K, 0% used [0x00000000d5900000,0x00000000d5900000,0x00000000e4880000)
  from space 11776K, 69% used [0x00000000e5400000,0x00000000e5c03a68,0x00000000e5f80000)
  to   space 11776K, 0% used [0x00000000e4880000,0x00000000e4880000,0x00000000e5400000)
 ParOldGen       total 44544K, used 8692K [0x0000000080a00000, 0x0000000083580000, 0x00000000d5900000)
  object space 44544K, 19% used [0x0000000080a00000,0x000000008127d0b8,0x0000000083580000)
 Metaspace       used 33052K, capacity 35346K, committed 35456K, reserved 1079296K
  class space    used 4260K, capacity 4681K, committed 4736K, reserved 1048576K
}
Event: 3.640 GC heap before
{Heap before GC invocations=10 (full 2):
 PSYoungGen      total 257024K, used 8206K [0x00000000d5900000, 0x00000000e6200000, 0x0000000100000000)
  eden space 245248K, 0% used [0x00000000d5900000,0x00000000d5900000,0x00000000e4880000)
  from space 11776K, 69% used [0x00000000e5400000,0x00000000e5c03a68,0x00000000e5f80000)
  to   space 11776K, 0% used [0x00000000e4880000,0x00000000e4880000,0x00000000e5400000)
 ParOldGen       total 44544K, used 8692K [0x0000000080a00000, 0x0000000083580000, 0x00000000d5900000)
  object space 44544K, 19% used [0x0000000080a00000,0x000000008127d0b8,0x0000000083580000)
 Metaspace       used 33052K, capacity 35346K, committed 35456K, reserved 1079296K
  class space    used 4260K, capacity 4681K, committed 4736K, reserved 1048576K
Event: 3.678 GC heap after
Heap after GC invocations=10 (full 2):
 PSYoungGen      total 257024K, used 0K [0x00000000d5900000, 0x00000000e6200000, 0x0000000100000000)
  eden space 245248K, 0% used [0x00000000d5900000,0x00000000d5900000,0x00000000e4880000)
  from space 11776K, 0% used [0x00000000e5400000,0x00000000e5400000,0x00000000e5f80000)
  to   space 11776K, 0% used [0x00000000e4880000,0x00000000e4880000,0x00000000e5400000)
 ParOldGen       total 58880K, used 13361K [0x0000000080a00000, 0x0000000084380000, 0x00000000d5900000)
  object space 58880K, 22% used [0x0000000080a00000,0x000000008170c550,0x0000000084380000)
 Metaspace       used 33052K, capacity 35346K, committed 35456K, reserved 1079296K
  class space    used 4260K, capacity 4681K, committed 4736K, reserved 1048576K
}
Event: 5.529 GC heap before
{Heap before GC invocations=11 (full 2):
 PSYoungGen      total 257024K, used 245248K [0x00000000d5900000, 0x00000000e6200000, 0x0000000100000000)
  eden space 245248K, 100% used [0x00000000d5900000,0x00000000e4880000,0x00000000e4880000)
  from space 11776K, 0% used [0x00000000e5400000,0x00000000e5400000,0x00000000e5f80000)
  to   space 11776K, 0% used [0x00000000e4880000,0x00000000e4880000,0x00000000e5400000)
 ParOldGen       total 58880K, used 13361K [0x0000000080a00000, 0x0000000084380000, 0x00000000d5900000)
  object space 58880K, 22% used [0x0000000080a00000,0x000000008170c550,0x0000000084380000)
 Metaspace       used 51108K, capacity 53930K, committed 54144K, reserved 1095680K
  class space    used 6618K, capacity 7189K, committed 7296K, reserved 1048576K
Event: 5.554 GC heap after
Heap after GC invocations=11 (full 2):
 PSYoungGen      total 257024K, used 11764K [0x00000000d5900000, 0x00000000ede80000, 0x0000000100000000)
  eden space 245248K, 0% used [0x00000000d5900000,0x00000000d5900000,0x00000000e4880000)
  from space 11776K, 99% used [0x00000000e4880000,0x00000000e53fd2e0,0x00000000e5400000)
  to   space 16384K, 0% used [0x00000000ece80000,0x00000000ece80000,0x00000000ede80000)
 ParOldGen       total 58880K, used 20962K [0x0000000080a00000, 0x0000000084380000, 0x00000000d5900000)
  object space 58880K, 35% used [0x0000000080a00000,0x0000000081e78928,0x0000000084380000)
 Metaspace       used 51108K, capacity 53930K, committed 54144K, reserved 1095680K
  class space    used 6618K, capacity 7189K, committed 7296K, reserved 1048576K
}

Deoptimization events (10 events):
Event: 5.038 Thread 0x000001cde3a6f800 Uncommon trap: reason=null_check action=make_not_entrant pc=0x000001cde4526468 method=org.springframework.util.ClassUtils.isAssignable(Ljava/lang/Class;Ljava/lang/Class;)Z @ 14
Event: 5.042 Thread 0x000001cde3a6f800 Uncommon trap: reason=bimorphic action=maybe_recompile pc=0x000001cde4566b90 method=java.util.Collections$SetFromMap.contains(Ljava/lang/Object;)Z @ 5
Event: 5.303 Thread 0x000001cde3a6f800 Uncommon trap: reason=unstable_if action=reinterpret pc=0x000001cde457b990 method=java.lang.invoke.MethodType.checkPtypes([Ljava/lang/Class;)I @ 40
Event: 5.562 Thread 0x000001cde3a6f800 Uncommon trap: reason=unstable_if action=reinterpret pc=0x000001cde41e72e0 method=java.util.WeakHashMap.expungeStaleEntries()V @ 66
Event: 5.590 Thread 0x000001cde3a6f800 Uncommon trap: reason=unstable_if action=reinterpret pc=0x000001cde41ba350 method=java.io.WinNTFileSystem.isLetter(C)Z @ 15
Event: 5.590 Thread 0x000001cde3a6f800 Uncommon trap: reason=unstable_if action=reinterpret pc=0x000001cde4b7b4dc method=java.io.WinNTFileSystem.isLetter(C)Z @ 15
Event: 5.729 Thread 0x000001cde3a6f800 Uncommon trap: reason=unstable_if action=reinterpret pc=0x000001cde4659b28 method=java.util.concurrent.ConcurrentHashMap.putVal(Ljava/lang/Object;Ljava/lang/Object;Z)Ljava/lang/Object; @ 331
Event: 5.804 Thread 0x000001cde3a6f800 Uncommon trap: reason=class_check action=maybe_recompile pc=0x000001cde4bddb5c method=org.springframework.core.ResolvableType.calculateHashCode()I @ 23
Event: 5.811 Thread 0x000001cde3a6f800 Uncommon trap: reason=class_check action=maybe_recompile pc=0x000001cde4bddb5c method=org.springframework.core.ResolvableType.calculateHashCode()I @ 23
Event: 5.858 Thread 0x000001cde3a6f800 Uncommon trap: reason=unstable_if action=reinterpret pc=0x000001cde451f030 method=java.util.IdentityHashMap.nextKeyIndex(II)I @ 4

Classes redefined (0 events):
No events

Internal exceptions (10 events):
Event: 5.837 Thread 0x000001cde3a6f800 Exception <a 'java/lang/ClassNotFoundException': org/springframework/core/convert/support/ConfigurableConversionServiceCustomizer> (0x00000000d89b5a88) thrown at [C:\jenkins\workspace\8-2-build-windows-amd64-cygwin\jdk8u261\295\hotspot\src\share\vm\classf
Event: 5.838 Thread 0x000001cde3a6f800 Exception <a 'java/lang/ClassNotFoundException': org/springframework/core/convert/ConversionServiceCustomizer> (0x00000000d89e1108) thrown at [C:\jenkins\workspace\8-2-build-windows-amd64-cygwin\jdk8u261\295\hotspot\src\share\vm\classfile\systemDictionary
Event: 5.838 Thread 0x000001cde3a6f800 Exception <a 'java/lang/ClassNotFoundException': org/springframework/core/convert/converter/ConverterRegistryCustomizer> (0x00000000d8a158e0) thrown at [C:\jenkins\workspace\8-2-build-windows-amd64-cygwin\jdk8u261\295\hotspot\src\share\vm\classfile\system
Event: 5.841 Thread 0x000001cde3a6f800 Exception <a 'java/lang/ClassNotFoundException': java/lang/ObjectCustomizer> (0x00000000d8a92810) thrown at [C:\jenkins\workspace\8-2-build-windows-amd64-cygwin\jdk8u261\295\hotspot\src\share\vm\classfile\systemDictionary.cpp, line 210]
Event: 5.842 Thread 0x000001cde3a6f800 Exception <a 'java/lang/ClassNotFoundException': org/springframework/web/servlet/config/annotation/WebMvcConfigurationSupport$NoOpValidatorCustomizer> (0x00000000d8ad54c8) thrown at [C:\jenkins\workspace\8-2-build-windows-amd64-cygwin\jdk8u261\295\hotspot
Event: 5.842 Thread 0x000001cde3a6f800 Exception <a 'java/lang/ClassNotFoundException': org/springframework/validation/ValidatorCustomizer> (0x00000000d8afddc0) thrown at [C:\jenkins\workspace\8-2-build-windows-amd64-cygwin\jdk8u261\295\hotspot\src\share\vm\classfile\systemDictionary.cpp, line
Event: 5.856 Thread 0x000001cde3a6f800 Exception <a 'java/lang/ClassNotFoundException': java/lang/ObjectCustomizer> (0x00000000d8cabcd0) thrown at [C:\jenkins\workspace\8-2-build-windows-amd64-cygwin\jdk8u261\295\hotspot\src\share\vm\classfile\systemDictionary.cpp, line 210]
Event: 5.856 Thread 0x000001cde3a6f800 Exception <a 'java/lang/ClassNotFoundException': org/springframework/boot/autoconfigure/http/HttpMessageConvertersAutoConfigurationCustomizer> (0x00000000d8ceb1c0) thrown at [C:\jenkins\workspace\8-2-build-windows-amd64-cygwin\jdk8u261\295\hotspot\src\sha
Event: 5.859 Thread 0x000001cde3a6f800 Exception <a 'java/lang/ClassNotFoundException': java/lang/ObjectCustomizer> (0x00000000d8d40088) thrown at [C:\jenkins\workspace\8-2-build-windows-amd64-cygwin\jdk8u261\295\hotspot\src\share\vm\classfile\systemDictionary.cpp, line 210]
Event: 5.859 Thread 0x000001cde3a6f800 Exception <a 'java/lang/ClassNotFoundException': org/springframework/boot/autoconfigure/http/HttpMessageConvertersAutoConfiguration$StringHttpMessageConverterConfigurationCustomizer> (0x00000000d8d93cc0) thrown at [C:\jenkins\workspace\8-2-build-windows-a

Events (10 events):
Event: 5.860 loading class org/springframework/boot/web/servlet/server/Encoding$Type
Event: 5.860 loading class org/springframework/boot/web/servlet/server/Encoding$Type done
Event: 5.861 loading class org/springframework/boot/context/properties/bind/Bindable
Event: 5.861 loading class org/springframework/boot/context/properties/bind/Bindable done
Event: 5.861 loading class org/springframework/boot/context/properties/bind/Bindable
Event: 5.861 loading class org/springframework/boot/context/properties/bind/Bindable done
Event: 5.862 loading class org/springframework/http/HttpInputMessage
Event: 5.862 loading class org/springframework/http/HttpInputMessage done
Event: 5.862 loading class org/springframework/http/HttpHeaders
Event: 5.862 loading class org/springframework/http/HttpHeaders done


Dynamic libraries:
0x00007ff723690000 - 0x00007ff7236d7000 	D:\JDK\bin\java.exe
0x00007ffccd070000 - 0x00007ffccd265000 	C:\WINDOWS\SYSTEM32\ntdll.dll
0x00007ffccb210000 - 0x00007ffccb2cd000 	C:\WINDOWS\System32\KERNEL32.DLL
0x00007ffccacb0000 - 0x00007ffccaf7d000 	C:\WINDOWS\System32\KERNELBASE.dll
0x00007ffccb690000 - 0x00007ffccb73e000 	C:\WINDOWS\System32\ADVAPI32.dll
0x00007ffcccad0000 - 0x00007ffcccb6e000 	C:\WINDOWS\System32\msvcrt.dll
0x00007ffccb970000 - 0x00007ffccba0c000 	C:\WINDOWS\System32\sechost.dll
0x00007ffcccf00000 - 0x00007ffccd025000 	C:\WINDOWS\System32\RPCRT4.dll
0x00007ffccc8c0000 - 0x00007ffccca60000 	C:\WINDOWS\System32\USER32.dll
0x00007ffccb090000 - 0x00007ffccb0b2000 	C:\WINDOWS\System32\win32u.dll
0x00007ffcccd60000 - 0x00007ffcccd8a000 	C:\WINDOWS\System32\GDI32.dll
0x00007ffcca8a0000 - 0x00007ffcca9ab000 	C:\WINDOWS\System32\gdi32full.dll
0x00007ffccab10000 - 0x00007ffccabad000 	C:\WINDOWS\System32\msvcp_win.dll
0x00007ffccabb0000 - 0x00007ffccacb0000 	C:\WINDOWS\System32\ucrtbase.dll
0x00007ffcb76f0000 - 0x00007ffcb798a000 	C:\WINDOWS\WinSxS\amd64_microsoft.windows.common-controls_6595b64144ccf1df_6.0.19041.1110_none_60b5254171f9507e\COMCTL32.dll
0x00007ffcccd90000 - 0x00007ffcccdc0000 	C:\WINDOWS\System32\IMM32.DLL
0x000000006eae0000 - 0x000000006eaec000 	C:\Program Files (x86)\360\360safe\safemon\SafeWrapper.dll
0x00007ffcb23c0000 - 0x00007ffcb2456000 	C:\Program Files (x86)\360\360safe\safemon\libzdtp64.dll
0x00007ffccc080000 - 0x00007ffccc7c4000 	C:\WINDOWS\System32\SHELL32.dll
0x00007ffccc020000 - 0x00007ffccc075000 	C:\WINDOWS\System32\SHLWAPI.dll
0x00007ffcca240000 - 0x00007ffcca24a000 	C:\WINDOWS\SYSTEM32\VERSION.dll
0x00007ffcb4750000 - 0x00007ffcb4d70000 	D:\DataCloak_DCube\Bin\Component\cpbgrd\cpbgrd64.dll
0x00007ffcccdc0000 - 0x00007ffccceea000 	C:\WINDOWS\System32\ole32.dll
0x00007ffccb330000 - 0x00007ffccb684000 	C:\WINDOWS\System32\combase.dll
0x00007ffcc69c0000 - 0x00007ffcc6c24000 	C:\WINDOWS\SYSTEM32\d3d11.dll
0x00007ffcbba00000 - 0x00007ffcbba07000 	C:\WINDOWS\SYSTEM32\MSIMG32.dll
0x00007ffcb7990000 - 0x00007ffcb7b35000 	C:\WINDOWS\WinSxS\amd64_microsoft.windows.gdiplus_6595b64144ccf1df_1.1.19041.1706_none_919e8e54cc8d4ca1\gdiplus.dll
0x00007ffcca680000 - 0x00007ffcca6ae000 	C:\WINDOWS\SYSTEM32\USERENV.dll
0x00007ffcc8730000 - 0x00007ffcc8823000 	C:\WINDOWS\SYSTEM32\dxgi.dll
0x00007ffcb3b80000 - 0x00007ffcb41a2000 	D:\DataCloak_DCube\Bin\te\ObjectVirtualizeDll_x64.dll
0x00007ffccca60000 - 0x00007ffcccacb000 	C:\WINDOWS\System32\WS2_32.dll
0x00007ffcc9af0000 - 0x00007ffcc9b2b000 	C:\WINDOWS\SYSTEM32\IPHLPAPI.DLL
0x00007ffccbf50000 - 0x00007ffccc01d000 	C:\WINDOWS\System32\oleaut32.dll
0x00007ffcc2d40000 - 0x00007ffcc2d55000 	D:\JDK\jre\bin\vcruntime140.dll
0x00007ffcb6090000 - 0x00007ffcb612b000 	D:\JDK\jre\bin\msvcp140.dll
0x000000006c9c0000 - 0x000000006d22c000 	D:\JDK\jre\bin\server\jvm.dll
0x00007ffcccef0000 - 0x00007ffcccef8000 	C:\WINDOWS\System32\PSAPI.DLL
0x00007ffcc60e0000 - 0x00007ffcc60e9000 	C:\WINDOWS\SYSTEM32\WSOCK32.dll
0x00007ffcbd840000 - 0x00007ffcbd867000 	C:\WINDOWS\SYSTEM32\WINMM.dll
0x00007ffcc8dc0000 - 0x00007ffcc8dd2000 	C:\WINDOWS\SYSTEM32\kernel.appcore.dll
0x00007ffcc2a00000 - 0x00007ffcc2a10000 	D:\JDK\jre\bin\verify.dll
0x00007ffcc0960000 - 0x00007ffcc098b000 	D:\JDK\jre\bin\java.dll
0x00007ffcc4780000 - 0x00007ffcc47b2000 	D:\JDK\jre\bin\instrument.dll
0x00007ffcbbac0000 - 0x00007ffcbbad8000 	D:\JDK\jre\bin\zip.dll
0x00007ffcc8de0000 - 0x00007ffcc9574000 	C:\WINDOWS\SYSTEM32\windows.storage.dll
0x00007ffcca0a0000 - 0x00007ffcca0cc000 	C:\WINDOWS\SYSTEM32\Wldp.dll
0x00007ffccbea0000 - 0x00007ffccbf4d000 	C:\WINDOWS\System32\SHCORE.dll
0x00007ffcca6c0000 - 0x00007ffcca6df000 	C:\WINDOWS\SYSTEM32\profapi.dll
0x00007ffcc4760000 - 0x00007ffcc477a000 	D:\IntelliJ IDEA 2020.1\bin\breakgen64.dll
0x00007ffcbbaa0000 - 0x00007ffcbbabc000 	D:\JDK\jre\bin\net.dll
0x00007ffcc9e00000 - 0x00007ffcc9e6a000 	C:\WINDOWS\system32\mswsock.dll
0x00007ffcb8250000 - 0x00007ffcb8263000 	D:\JDK\jre\bin\nio.dll
0x00007ffcc0950000 - 0x00007ffcc095d000 	D:\JDK\jre\bin\management.dll
0x00007ffcae300000 - 0x00007ffcae317000 	C:\WINDOWS\system32\napinsp.dll
0x00007ffcae2e0000 - 0x00007ffcae2fb000 	C:\WINDOWS\system32\pnrpnsp.dll
0x00007ffcae2c0000 - 0x00007ffcae2d5000 	C:\WINDOWS\system32\wshbth.dll
0x00007ffcc6020000 - 0x00007ffcc603d000 	C:\WINDOWS\system32\NLAapi.dll
0x00007ffcc9b30000 - 0x00007ffcc9bfb000 	C:\WINDOWS\SYSTEM32\DNSAPI.dll
0x00007ffccc7d0000 - 0x00007ffccc7d8000 	C:\WINDOWS\System32\NSI.dll
0x00007ffcae2a0000 - 0x00007ffcae2b2000 	C:\WINDOWS\System32\winrnr.dll
0x000000006d430000 - 0x000000006d456000 	C:\Program Files\Bonjour\mdnsNSP.dll
0x00007ffcc2570000 - 0x00007ffcc257a000 	C:\Windows\System32\rasadhlp.dll
0x00007ffcc2dc0000 - 0x00007ffcc2e40000 	C:\WINDOWS\System32\fwpuclnt.dll
0x00007ffccb060000 - 0x00007ffccb087000 	C:\WINDOWS\System32\bcrypt.dll
0x00007ffcb8080000 - 0x00007ffcb80a4000 	D:\JDK\jre\bin\sunec.dll
0x00007ffcc5fc0000 - 0x00007ffcc5fcd000 	D:\JDK\jre\bin\sunmscapi.dll
0x00007ffcca9b0000 - 0x00007ffccab06000 	C:\WINDOWS\System32\CRYPT32.dll
0x00007ffcca110000 - 0x00007ffcca137000 	C:\WINDOWS\SYSTEM32\ncrypt.dll
0x00007ffcca0d0000 - 0x00007ffcca10b000 	C:\WINDOWS\SYSTEM32\NTASN1.dll

VM Arguments:
jvm_args: -ea -Didea.test.cyclic.buffer.size=1048576 -javaagent:D:\IntelliJ IDEA 2020.1\lib\idea_rt.jar=61606:D:\IntelliJ IDEA 2020.1\bin -Dfile.encoding=UTF-8 
java_command: com.intellij.rt.junit.JUnitStarter -ideVersion5 -junit5 com.example.task.TaskApplicationTests,shardingSelect
java_class_path (initial): D:\IntelliJ IDEA 2020.1\lib\idea_rt.jar;C:\Users\Administrator\.m2\repository\org\junit\platform\junit-platform-launcher\1.7.0\junit-platform-launcher-1.7.0.jar;D:\IntelliJ IDEA 2020.1\plugins\junit\lib\junit5-rt.jar;D:\IntelliJ IDEA 2020.1\plugins\junit\lib\junit-rt.jar;D:\JDK\jre\lib\charsets.jar;D:\JDK\jre\lib\deploy.jar;D:\JDK\jre\lib\ext\access-bridge-64.jar;D:\JDK\jre\lib\ext\cldrdata.jar;D:\JDK\jre\lib\ext\dnsns.jar;D:\JDK\jre\lib\ext\jaccess.jar;D:\JDK\jre\lib\ext\jfxrt.jar;D:\JDK\jre\lib\ext\localedata.jar;D:\JDK\jre\lib\ext\nashorn.jar;D:\JDK\jre\lib\ext\sunec.jar;D:\JDK\jre\lib\ext\sunjce_provider.jar;D:\JDK\jre\lib\ext\sunmscapi.jar;D:\JDK\jre\lib\ext\sunpkcs11.jar;D:\JDK\jre\lib\ext\zipfs.jar;D:\JDK\jre\lib\javaws.jar;D:\JDK\jre\lib\jce.jar;D:\JDK\jre\lib\jfr.jar;D:\JDK\jre\lib\jfxswt.jar;D:\JDK\jre\lib\jsse.jar;D:\JDK\jre\lib\management-agent.jar;D:\JDK\jre\lib\plugin.jar;D:\JDK\jre\lib\resources.jar;D:\JDK\jre\lib\rt.jar;D:\Task_new\Task\task\target\test-classes;D:\Task_new\Task\task\target\classes;C:\Users\Administrator\.m2\repository\org\springframework\boot\spring-boot-starter-jdbc\2.4.2\spring-boot-starter-jdbc-2.4.2.jar;C:\Users\Administrator\.m2\repository\org\springframework\boot\spring-boot-starter\2.4.2\spring-boot-starter-2.4.2.jar;C:\Users\Administrator\.m2\repository\org\springframework\boot\spring-boot\2.4.2\spring-boot-2.4.2.jar;C:\Users\Administrator\.m2\repository\org\springframework\boot\spring-boot-autoconfigure\2.4.2\spring-boot-autoconfigure-2.4.2.jar;C:\Users\Administrator\.m2\repository\org\springframework\boot\spring-boot-starter-logging\2.4.2\spring-boot-starter-logging-2.4.2.jar;C:\Users\Administrator\.m2\repository\ch\qos\logback\logback-classic\1.2.3\logback-classic-1.2.3.jar;C:\Users\Administrator\.m2\repository\ch\qos\logback\logback-core\1.2.3\logback-core-1.2.3.jar;C:\Users\Administrator\.m2\repository\org\apache\logging\log4j\log4j-to-slf4j\2.13.3\log4j-to-slf4j-2.13.3.jar;C:\Users\Administr
Launcher Type: SUN_STANDARD

Environment Variables:
JAVA_HOME=D:\JDK
CLASSPATH=D:\JDK\lib;D:\JDK\lib\tools.jar
PATH=C:\Program Files (x86)\Common Files\Oracle\Java\javapath;C:\Windows\system32;C:\Windows;C:\Windows\System32\Wbem;C:\Windows\System32\WindowsPowerShell\v1.0\;C:\Windows\System32\OpenSSH\;C:\WINDOWS\system32;C:\WINDOWS;C:\WINDOWS\System32\Wbem;C:\WINDOWS\System32\WindowsPowerShell\v1.0\;C:\WINDOWS\System32\OpenSSH\;C:\Program Files (x86)\NVIDIA Corporation\PhysX\Common;C:\Program Files\NVIDIA Corporation\NVIDIA NvDLISR;"D:\JDK\bin;D:\JDK\jre\bin";D:\Nodejs\;D:\BaiduNetdiskDownload\maven\apache-maven-3.6.3\bin;D:\SVN\bin;D:\Git\cmd;C:\Users\Administrator\AppData\Local\Microsoft\WindowsApps;C:\Users\Administrator\AppData\Roaming\npm;D:\Fiddler
USERNAME=Administrator
OS=Windows_NT
PROCESSOR_IDENTIFIER=Intel64 Family 6 Model 158 Stepping 9, GenuineIntel



---------------  S Y S T E M  ---------------

OS: Windows 10.0 , 64 bit Build 19041 (10.0.19041.1706)

CPU:total 4 (initial active 4) (4 cores per cpu, 1 threads per core) family 6 model 158 stepping 9, cmov, cx8, fxsr, mmx, sse, sse2, sse3, ssse3, sse4.1, sse4.2, popcnt, avx, avx2, aes, clmul, erms, rtm, 3dnowpref, lzcnt, tsc, tscinvbit, bmi1, bmi2, adx

Memory: 4k page, physical 8345000k(1795572k free), swap 9880112k(5120k free)

vm_info: Java HotSpot(TM) 64-Bit Server VM (25.261-b12) for windows-amd64 JRE (1.8.0_261-b12), built on Jun 18 2020 06:56:32 by "" with unknown MS VC++:1916

time: Sun Jun 26 19:13:58 2022
timezone: 中国标准时间
elapsed time: 5 seconds (0d 0h 0m 5s)

