#
# There is insufficient memory for the Java Runtime Environment to continue.
# Native memory allocation (malloc) failed to allocate 3387120 bytes for Chunk::new
# Possible reasons:
#   The system is out of physical RAM or swap space
#   The process is running with CompressedOops enabled, and the Java Heap may be blocking the growth of the native heap
# Possible solutions:
#   Reduce memory load on the system
#   Increase physical memory or swap space
#   Check if swap backing store is full
#   Decrease Java heap size (-Xmx/-Xms)
#   Decrease number of Java threads
#   Decrease Java thread stack sizes (-Xss)
#   Set larger code cache with -XX:ReservedCodeCacheSize=
#   JVM is running with Unscaled Compressed Oops mode in which the Java heap is
#     placed in the first 4GB address space. The Java Heap base address is the
#     maximum limit for the native heap growth. Please use -XX:HeapBaseMinAddress
#     to set the Java Heap base and to place the Java Heap above 4GB virtual address.
# This output file may be truncated or incomplete.
#
#  Out of Memory Error (allocation.cpp:389), pid=9644, tid=0x0000000000002d00
#
# JRE version: Java(TM) SE Runtime Environment (8.0_261-b12) (build 1.8.0_261-b12)
# Java VM: Java HotSpot(TM) 64-Bit Server VM (25.261-b12 mixed mode windows-amd64 compressed oops)
# Failed to write core dump. Minidumps are not enabled by default on client versions of Windows
#

---------------  T H R E A D  ---------------

Current thread (0x000001c0a2166800):  JavaThread "C2 CompilerThread0" daemon [_thread_in_native, id=11520, stack(0x000000b1cd600000,0x000000b1cd700000)]

Stack: [0x000000b1cd600000,0x000000b1cd700000]
Native frames: (J=compiled Java code, j=interpreted, Vv=VM code, C=native code)
V  [jvm.dll+0x33e5f9]
V  [jvm.dll+0x2850e2]
V  [jvm.dll+0x285d8d]
V  [jvm.dll+0x27c895]
V  [jvm.dll+0xe4d6c]
V  [jvm.dll+0xe556c]
V  [jvm.dll+0x47ed35]
V  [jvm.dll+0x446ab8]
V  [jvm.dll+0x44f8f5]
V  [jvm.dll+0x44ecb5]
V  [jvm.dll+0x439bc7]
V  [jvm.dll+0xbbbcb]
V  [jvm.dll+0xba22b]
V  [jvm.dll+0x24d962]
V  [jvm.dll+0x2a1cfc]
C  [ucrtbase.dll+0x21bb2]
C  [KERNEL32.DLL+0x17034]
C  [ntdll.dll+0x52651]


Current CompileTask:
C2:   7921 4552       4       org.springframework.core.annotation.TypeMappedAnnotations$MergedAnnotationFinder::doWithAnnotations (75 bytes)


---------------  P R O C E S S  ---------------

Java Threads: ( => current thread )
  0x000001c0a5bc0800 JavaThread "lettuce-timer-3-1" [_thread_blocked, id=6768, stack(0x000000b1cde00000,0x000000b1cdf00000)]
  0x000001c0ab238000 JavaThread "Druid-ConnectionPool-Destroy-1210734791" daemon [_thread_blocked, id=8840, stack(0x000000b1cdd00000,0x000000b1cde00000)]
  0x000001c0a5ee9800 JavaThread "Druid-ConnectionPool-Create-1210734791" daemon [_thread_blocked, id=8884, stack(0x000000b1cdc00000,0x000000b1cdd00000)]
  0x000001c0a5bc1800 JavaThread "mysql-cj-abandoned-connection-cleanup" daemon [_thread_blocked, id=15136, stack(0x000000b1cdb00000,0x000000b1cdc00000)]
  0x000001c0a2237000 JavaThread "Service Thread" daemon [_thread_blocked, id=3888, stack(0x000000b1cd900000,0x000000b1cda00000)]
  0x000001c0a2236000 JavaThread "C1 CompilerThread2" daemon [_thread_blocked, id=11772, stack(0x000000b1cd800000,0x000000b1cd900000)]
  0x000001c0a2234800 JavaThread "C2 CompilerThread1" daemon [_thread_in_native, id=16400, stack(0x000000b1cd700000,0x000000b1cd800000)]
=>0x000001c0a2166800 JavaThread "C2 CompilerThread0" daemon [_thread_in_native, id=11520, stack(0x000000b1cd600000,0x000000b1cd700000)]
  0x000001c0a0c2f000 JavaThread "JDWP Command Reader" daemon [_thread_in_native, id=13284, stack(0x000000b1cd500000,0x000000b1cd600000)]
  0x000001c0a0c21000 JavaThread "JDWP Event Helper Thread" daemon [_thread_blocked, id=11256, stack(0x000000b1cd400000,0x000000b1cd500000)]
  0x000001c0a0c19800 JavaThread "JDWP Transport Listener: dt_socket" daemon [_thread_blocked, id=6472, stack(0x000000b1cd300000,0x000000b1cd400000)]
  0x000001c0a0c10800 JavaThread "Attach Listener" daemon [_thread_blocked, id=16420, stack(0x000000b1cd200000,0x000000b1cd300000)]
  0x000001c0a0ba4800 JavaThread "Signal Dispatcher" daemon [_thread_blocked, id=15624, stack(0x000000b1cd100000,0x000000b1cd200000)]
  0x000001c08c1f5000 JavaThread "Finalizer" daemon [_thread_blocked, id=4908, stack(0x000000b1cd000000,0x000000b1cd100000)]
  0x000001c0a0b94000 JavaThread "Reference Handler" daemon [_thread_blocked, id=4488, stack(0x000000b1ccf00000,0x000000b1cd000000)]
  0x000001c08c07b000 JavaThread "main" [_thread_in_native, id=6480, stack(0x000000b1cc900000,0x000000b1cca00000)]

Other Threads:
  0x000001c0a0b71800 VMThread [stack: 0x000000b1cce00000,0x000000b1ccf00000] [id=760]
  0x000001c0a2377800 WatcherThread [stack: 0x000000b1cda00000,0x000000b1cdb00000] [id=15804]

VM state:not at safepoint (normal execution)

VM Mutex/Monitor currently owned by a thread: None

heap address: 0x0000000080a00000, size: 2038 MB, Compressed Oops mode: 32-bit
Narrow klass base: 0x0000000000000000, Narrow klass shift: 3
Compressed class space size: 1073741824 Address: 0x0000000100000000

Heap:
 PSYoungGen      total 252416K, used 47423K [0x00000000d5900000, 0x00000000e6280000, 0x0000000100000000)
  eden space 235520K, 20% used [0x00000000d5900000,0x00000000d874fe90,0x00000000e3f00000)
  from space 16896K, 0% used [0x00000000e3f00000,0x00000000e3f00000,0x00000000e4f80000)
  to   space 13824K, 0% used [0x00000000e4f80000,0x00000000e4f80000,0x00000000e5d00000)
 ParOldGen       total 119296K, used 26016K [0x0000000080a00000, 0x0000000087e80000, 0x00000000d5900000)
  object space 119296K, 21% used [0x0000000080a00000,0x0000000082368050,0x0000000087e80000)
 Metaspace       used 56018K, capacity 59546K, committed 59608K, reserved 1101824K
  class space    used 7244K, capacity 7888K, committed 7936K, reserved 1048576K

Card table byte_map: [0x000001c09b600000,0x000001c09ba00000] byte_map_base: 0x000001c09b1fb000

Marking Bits: (ParMarkBitMap*) 0x000000006cf74fb0
 Begin Bits: [0x000001c09bcb0000, 0x000001c09dc88000)
 End Bits:   [0x000001c09dc88000, 0x000001c09fc60000)

Polling page: 0x000001c08c200000

CodeCache: size=245760Kb used=16543Kb max_used=16543Kb free=229216Kb
 bounds [0x000001c08c240000, 0x000001c08d280000, 0x000001c09b240000]
 total_blobs=4819 nmethods=4305 adapters=434
 compilation: enabled

Compilation events (10 events):
Event: 7.873 Thread 0x000001c0a2236000 4754   !   2       org.springframework.beans.factory.support.AbstractBeanFactory::registerCustomEditors (228 bytes)
Event: 7.874 Thread 0x000001c0a2236000 nmethod 4754 0x000001c08d260d50 code [0x000001c08d261060, 0x000001c08d261db0]
Event: 7.876 Thread 0x000001c0a2236000 4755       2       sun.reflect.generics.reflectiveObjects.WildcardTypeImpl::equals (52 bytes)
Event: 7.876 Thread 0x000001c0a2236000 nmethod 4755 0x000001c08d262ad0 code [0x000001c08d262c80, 0x000001c08d262fc0]
Event: 7.876 Thread 0x000001c0a2236000 4756       2       java.lang.ThreadLocal$ThreadLocalMap::remove (68 bytes)
Event: 7.876 Thread 0x000001c0a2236000 nmethod 4756 0x000001c08d263110 code [0x000001c08d263280, 0x000001c08d263510]
Event: 7.878 Thread 0x000001c0a2236000 4757       2       org.springframework.aop.framework.AbstractAdvisingBeanPostProcessor::isEligible (9 bytes)
Event: 7.878 Thread 0x000001c0a2236000 nmethod 4757 0x000001c08d263750 code [0x000001c08d2638c0, 0x000001c08d263a70]
Event: 7.878 Thread 0x000001c0a2236000 4758       2       org.springframework.aop.framework.AbstractAdvisingBeanPostProcessor::isEligible (61 bytes)
Event: 7.878 Thread 0x000001c0a2236000 nmethod 4758 0x000001c08d263b50 code [0x000001c08d263ce0, 0x000001c08d263f90]

GC Heap History (10 events):
Event: 3.906 GC heap before
{Heap before GC invocations=10 (full 2):
 PSYoungGen      total 195584K, used 8132K [0x00000000d5900000, 0x00000000e4100000, 0x0000000100000000)
  eden space 184832K, 0% used [0x00000000d5900000,0x00000000d5900000,0x00000000e0d80000)
  from space 10752K, 75% used [0x00000000e1800000,0x00000000e1ff1338,0x00000000e2280000)
  to   space 10752K, 0% used [0x00000000e0d80000,0x00000000e0d80000,0x00000000e1800000)
 ParOldGen       total 52736K, used 9853K [0x0000000080a00000, 0x0000000083d80000, 0x00000000d5900000)
  object space 52736K, 18% used [0x0000000080a00000,0x000000008139f4d0,0x0000000083d80000)
 Metaspace       used 33003K, capacity 35308K, committed 35416K, reserved 1079296K
  class space    used 4217K, capacity 4644K, committed 4736K, reserved 1048576K
Event: 3.949 GC heap after
Heap after GC invocations=10 (full 2):
 PSYoungGen      total 195584K, used 0K [0x00000000d5900000, 0x00000000e4100000, 0x0000000100000000)
  eden space 184832K, 0% used [0x00000000d5900000,0x00000000d5900000,0x00000000e0d80000)
  from space 10752K, 0% used [0x00000000e1800000,0x00000000e1800000,0x00000000e2280000)
  to   space 10752K, 0% used [0x00000000e0d80000,0x00000000e0d80000,0x00000000e1800000)
 ParOldGen       total 80896K, used 12938K [0x0000000080a00000, 0x0000000085900000, 0x00000000d5900000)
  object space 80896K, 15% used [0x0000000080a00000,0x00000000816a2958,0x0000000085900000)
 Metaspace       used 33003K, capacity 35308K, committed 35416K, reserved 1079296K
  class space    used 4217K, capacity 4644K, committed 4736K, reserved 1048576K
}
Event: 5.550 GC heap before
{Heap before GC invocations=11 (full 2):
 PSYoungGen      total 195584K, used 184832K [0x00000000d5900000, 0x00000000e4100000, 0x0000000100000000)
  eden space 184832K, 100% used [0x00000000d5900000,0x00000000e0d80000,0x00000000e0d80000)
  from space 10752K, 0% used [0x00000000e1800000,0x00000000e1800000,0x00000000e2280000)
  to   space 10752K, 0% used [0x00000000e0d80000,0x00000000e0d80000,0x00000000e1800000)
 ParOldGen       total 80896K, used 12938K [0x0000000080a00000, 0x0000000085900000, 0x00000000d5900000)
  object space 80896K, 15% used [0x0000000080a00000,0x00000000816a2958,0x0000000085900000)
 Metaspace       used 47653K, capacity 50252K, committed 50648K, reserved 1093632K
  class space    used 6064K, capacity 6579K, committed 6656K, reserved 1048576K
Event: 5.564 GC heap after
Heap after GC invocations=11 (full 2):
 PSYoungGen      total 195584K, used 10743K [0x00000000d5900000, 0x00000000e5d00000, 0x0000000100000000)
  eden space 184832K, 0% used [0x00000000d5900000,0x00000000d5900000,0x00000000e0d80000)
  from space 10752K, 99% used [0x00000000e0d80000,0x00000000e17fdd30,0x00000000e1800000)
  to   space 13824K, 0% used [0x00000000e4f80000,0x00000000e4f80000,0x00000000e5d00000)
 ParOldGen       total 80896K, used 16606K [0x0000000080a00000, 0x0000000085900000, 0x00000000d5900000)
  object space 80896K, 20% used [0x0000000080a00000,0x0000000081a379c8,0x0000000085900000)
 Metaspace       used 47653K, capacity 50252K, committed 50648K, reserved 1093632K
  class space    used 6064K, capacity 6579K, committed 6656K, reserved 1048576K
}
Event: 7.159 GC heap before
{Heap before GC invocations=12 (full 2):
 PSYoungGen      total 195584K, used 195575K [0x00000000d5900000, 0x00000000e5d00000, 0x0000000100000000)
  eden space 184832K, 100% used [0x00000000d5900000,0x00000000e0d80000,0x00000000e0d80000)
  from space 10752K, 99% used [0x00000000e0d80000,0x00000000e17fdd30,0x00000000e1800000)
  to   space 13824K, 0% used [0x00000000e4f80000,0x00000000e4f80000,0x00000000e5d00000)
 ParOldGen       total 80896K, used 16606K [0x0000000080a00000, 0x0000000085900000, 0x00000000d5900000)
  object space 80896K, 20% used [0x0000000080a00000,0x0000000081a379c8,0x0000000085900000)
 Metaspace       used 54765K, capacity 58174K, committed 58328K, reserved 1099776K
  class space    used 7067K, capacity 7680K, committed 7680K, reserved 1048576K
Event: 7.183 GC heap after
Heap after GC invocations=12 (full 2):
 PSYoungGen      total 249344K, used 13811K [0x00000000d5900000, 0x00000000e6280000, 0x0000000100000000)
  eden space 235520K, 0% used [0x00000000d5900000,0x00000000d5900000,0x00000000e3f00000)
  from space 13824K, 99% used [0x00000000e4f80000,0x00000000e5cfcf50,0x00000000e5d00000)
  to   space 16896K, 0% used [0x00000000e3f00000,0x00000000e3f00000,0x00000000e4f80000)
 ParOldGen       total 80896K, used 21017K [0x0000000080a00000, 0x0000000085900000, 0x00000000d5900000)
  object space 80896K, 25% used [0x0000000080a00000,0x0000000081e86438,0x0000000085900000)
 Metaspace       used 54765K, capacity 58174K, committed 58328K, reserved 1099776K
  class space    used 7067K, capacity 7680K, committed 7680K, reserved 1048576K
}
Event: 7.492 GC heap before
{Heap before GC invocations=13 (full 2):
 PSYoungGen      total 249344K, used 69841K [0x00000000d5900000, 0x00000000e6280000, 0x0000000100000000)
  eden space 235520K, 23% used [0x00000000d5900000,0x00000000d8fb75f8,0x00000000e3f00000)
  from space 13824K, 99% used [0x00000000e4f80000,0x00000000e5cfcf50,0x00000000e5d00000)
  to   space 16896K, 0% used [0x00000000e3f00000,0x00000000e3f00000,0x00000000e4f80000)
 ParOldGen       total 80896K, used 21017K [0x0000000080a00000, 0x0000000085900000, 0x00000000d5900000)
  object space 80896K, 25% used [0x0000000080a00000,0x0000000081e86438,0x0000000085900000)
 Metaspace       used 55452K, capacity 58938K, committed 58968K, reserved 1099776K
  class space    used 7158K, capacity 7804K, committed 7808K, reserved 1048576K
Event: 7.505 GC heap after
Heap after GC invocations=13 (full 2):
 PSYoungGen      total 252416K, used 2379K [0x00000000d5900000, 0x00000000e6280000, 0x0000000100000000)
  eden space 235520K, 0% used [0x00000000d5900000,0x00000000d5900000,0x00000000e3f00000)
  from space 16896K, 14% used [0x00000000e3f00000,0x00000000e4152db0,0x00000000e4f80000)
  to   space 13824K, 0% used [0x00000000e4f80000,0x00000000e4f80000,0x00000000e5d00000)
 ParOldGen       total 80896K, used 33735K [0x0000000080a00000, 0x0000000085900000, 0x00000000d5900000)
  object space 80896K, 41% used [0x0000000080a00000,0x0000000082af1e30,0x0000000085900000)
 Metaspace       used 55452K, capacity 58938K, committed 58968K, reserved 1099776K
  class space    used 7158K, capacity 7804K, committed 7808K, reserved 1048576K
}
Event: 7.505 GC heap before
{Heap before GC invocations=14 (full 3):
 PSYoungGen      total 252416K, used 2379K [0x00000000d5900000, 0x00000000e6280000, 0x0000000100000000)
  eden space 235520K, 0% used [0x00000000d5900000,0x00000000d5900000,0x00000000e3f00000)
  from space 16896K, 14% used [0x00000000e3f00000,0x00000000e4152db0,0x00000000e4f80000)
  to   space 13824K, 0% used [0x00000000e4f80000,0x00000000e4f80000,0x00000000e5d00000)
 ParOldGen       total 80896K, used 33735K [0x0000000080a00000, 0x0000000085900000, 0x00000000d5900000)
  object space 80896K, 41% used [0x0000000080a00000,0x0000000082af1e30,0x0000000085900000)
 Metaspace       used 55452K, capacity 58938K, committed 58968K, reserved 1099776K
  class space    used 7158K, capacity 7804K, committed 7808K, reserved 1048576K
Event: 7.627 GC heap after
Heap after GC invocations=14 (full 3):
 PSYoungGen      total 252416K, used 0K [0x00000000d5900000, 0x00000000e6280000, 0x0000000100000000)
  eden space 235520K, 0% used [0x00000000d5900000,0x00000000d5900000,0x00000000e3f00000)
  from space 16896K, 0% used [0x00000000e3f00000,0x00000000e3f00000,0x00000000e4f80000)
  to   space 13824K, 0% used [0x00000000e4f80000,0x00000000e4f80000,0x00000000e5d00000)
 ParOldGen       total 119296K, used 26016K [0x0000000080a00000, 0x0000000087e80000, 0x00000000d5900000)
  object space 119296K, 21% used [0x0000000080a00000,0x0000000082368050,0x0000000087e80000)
 Metaspace       used 55452K, capacity 58938K, committed 58968K, reserved 1099776K
  class space    used 7158K, capacity 7804K, committed 7808K, reserved 1048576K
}

Deoptimization events (10 events):
Event: 6.516 Thread 0x000001c08c07b000 Uncommon trap: reason=unstable_if action=reinterpret pc=0x000001c08d0fc328 method=java.util.concurrent.ConcurrentHashMap.get(Ljava/lang/Object;)Ljava/lang/Object; @ 86
Event: 6.804 Thread 0x000001c08c07b000 Uncommon trap: reason=unstable_if action=reinterpret pc=0x000001c08d02b334 method=org.springframework.beans.factory.support.AbstractBeanFactory.isTypeMatch(Ljava/lang/String;Lorg/springframework/core/ResolvableType;Z)Z @ 72
Event: 7.315 Thread 0x000001c08c07b000 Uncommon trap: reason=unstable_if action=reinterpret pc=0x000001c08c76af88 method=java.util.concurrent.ConcurrentHashMap.transfer([Ljava/util/concurrent/ConcurrentHashMap$Node;[Ljava/util/concurrent/ConcurrentHashMap$Node;)V @ 356
Event: 7.401 Thread 0x000001c08c07b000 Uncommon trap: reason=unstable_if action=reinterpret pc=0x000001c08d1c4678 method=org.springframework.core.annotation.AnnotationsScanner.getBaseTypeMethods(Ljava/lang/Object;Ljava/lang/Class;)[Ljava/lang/reflect/Method; @ 92
Event: 7.721 Thread 0x000001c08c07b000 Uncommon trap: reason=bimorphic action=maybe_recompile pc=0x000001c08cc72354 method=java.util.Collections$SetFromMap.contains(Ljava/lang/Object;)Z @ 5
Event: 7.723 Thread 0x000001c08c07b000 Uncommon trap: reason=bimorphic action=maybe_recompile pc=0x000001c08ce38028 method=java.lang.Throwable.<init>(Ljava/lang/String;Ljava/lang/Throwable;)V @ 24
Event: 7.723 Thread 0x000001c08c07b000 Uncommon trap: reason=bimorphic action=maybe_recompile pc=0x000001c08cc72354 method=java.util.Collections$SetFromMap.contains(Ljava/lang/Object;)Z @ 5
Event: 7.723 Thread 0x000001c08c07b000 Uncommon trap: reason=bimorphic action=maybe_recompile pc=0x000001c08ce38028 method=java.lang.Throwable.<init>(Ljava/lang/String;Ljava/lang/Throwable;)V @ 24
Event: 7.724 Thread 0x000001c08c07b000 Uncommon trap: reason=bimorphic action=maybe_recompile pc=0x000001c08cc72354 method=java.util.Collections$SetFromMap.contains(Ljava/lang/Object;)Z @ 5
Event: 7.724 Thread 0x000001c08c07b000 Uncommon trap: reason=bimorphic action=maybe_recompile pc=0x000001c08ce38028 method=java.lang.Throwable.<init>(Ljava/lang/String;Ljava/lang/Throwable;)V @ 24

Classes redefined (0 events):
No events

Internal exceptions (10 events):
Event: 7.897 Thread 0x000001c08c07b000 Exception <a 'java/lang/ClassNotFoundException': org/springframework/core/OrderedCustomizer> (0x00000000d83d29e0) thrown at [C:\jenkins\workspace\8-2-build-windows-amd64-cygwin\jdk8u261\295\hotspot\src\share\vm\classfile\systemDictionary.cpp, line 210]
Event: 7.897 Thread 0x000001c08c07b000 Exception <a 'java/lang/ClassNotFoundException': javax/servlet/FilterCustomizer> (0x00000000d83ef250) thrown at [C:\jenkins\workspace\8-2-build-windows-amd64-cygwin\jdk8u261\295\hotspot\src\share\vm\classfile\systemDictionary.cpp, line 210]
Event: 7.898 Thread 0x000001c08c07b000 Exception <a 'java/lang/ClassNotFoundException': org/springframework/beans/factory/BeanNameAwareCustomizer> (0x00000000d8419bd8) thrown at [C:\jenkins\workspace\8-2-build-windows-amd64-cygwin\jdk8u261\295\hotspot\src\share\vm\classfile\systemDictionary.cp
Event: 7.898 Thread 0x000001c08c07b000 Exception <a 'java/lang/ClassNotFoundException': org/springframework/beans/factory/AwareCustomizer> (0x00000000d843ffd8) thrown at [C:\jenkins\workspace\8-2-build-windows-amd64-cygwin\jdk8u261\295\hotspot\src\share\vm\classfile\systemDictionary.cpp, line 
Event: 7.899 Thread 0x000001c08c07b000 Exception <a 'java/lang/ClassNotFoundException': org/springframework/context/EnvironmentAwareCustomizer> (0x00000000d8467da0) thrown at [C:\jenkins\workspace\8-2-build-windows-amd64-cygwin\jdk8u261\295\hotspot\src\share\vm\classfile\systemDictionary.cpp, 
Event: 7.900 Thread 0x000001c08c07b000 Exception <a 'java/lang/ClassNotFoundException': org/springframework/beans/factory/AwareCustomizer> (0x00000000d848e288) thrown at [C:\jenkins\workspace\8-2-build-windows-amd64-cygwin\jdk8u261\295\hotspot\src\share\vm\classfile\systemDictionary.cpp, line 
Event: 7.900 Thread 0x000001c08c07b000 Exception <a 'java/lang/ClassNotFoundException': org/springframework/core/env/EnvironmentCapableCustomizer> (0x00000000d84b7650) thrown at [C:\jenkins\workspace\8-2-build-windows-amd64-cygwin\jdk8u261\295\hotspot\src\share\vm\classfile\systemDictionary.cp
Event: 7.901 Thread 0x000001c08c07b000 Exception <a 'java/lang/ClassNotFoundException': org/springframework/web/context/ServletContextAwareCustomizer> (0x00000000d84e4910) thrown at [C:\jenkins\workspace\8-2-build-windows-amd64-cygwin\jdk8u261\295\hotspot\src\share\vm\classfile\systemDictionar
Event: 7.901 Thread 0x000001c08c07b000 Exception <a 'java/lang/ClassNotFoundException': org/springframework/beans/factory/AwareCustomizer> (0x00000000d850aec0) thrown at [C:\jenkins\workspace\8-2-build-windows-amd64-cygwin\jdk8u261\295\hotspot\src\share\vm\classfile\systemDictionary.cpp, line 
Event: 7.902 Thread 0x000001c08c07b000 Exception <a 'java/lang/ClassNotFoundException': org/springframework/beans/factory/InitializingBeanCustomizer> (0x00000000d8536310) thrown at [C:\jenkins\workspace\8-2-build-windows-amd64-cygwin\jdk8u261\295\hotspot\src\share\vm\classfile\systemDictionary

Events (10 events):
Event: 7.902 Thread 0x000001c08c07b000 DEOPT PACKING pc=0x000001c08ce60390 sp=0x000000b1cc9fb1a0
Event: 7.902 Thread 0x000001c08c07b000 DEOPT UNPACKING pc=0x000001c08c287898 sp=0x000000b1cc9fadd8 mode 1
Event: 7.902 Thread 0x000001c08c07b000 DEOPT PACKING pc=0x000001c08c82f814 sp=0x000000b1cc9fbb60
Event: 7.902 Thread 0x000001c08c07b000 DEOPT UNPACKING pc=0x000001c08c287898 sp=0x000000b1cc9fb860 mode 1
Event: 7.902 Thread 0x000001c08c07b000 DEOPT PACKING pc=0x000001c08d0abde4 sp=0x000000b1cc9fbba0
Event: 7.902 Thread 0x000001c08c07b000 DEOPT UNPACKING pc=0x000001c08c287898 sp=0x000000b1cc9fb900 mode 1
Event: 7.902 loading class org/springframework/beans/factory/DisposableBeanCustomizer
Event: 7.902 loading class org/springframework/beans/factory/DisposableBeanCustomizer done
Event: 7.902 Thread 0x000001c08c07b000 DEOPT PACKING pc=0x000001c08ce60390 sp=0x000000b1cc9fb090
Event: 7.902 Thread 0x000001c08c07b000 DEOPT UNPACKING pc=0x000001c08c287898 sp=0x000000b1cc9facc8 mode 1


Dynamic libraries:
0x00007ff723690000 - 0x00007ff7236d7000 	D:\JDK\bin\java.exe
0x00007ffccd070000 - 0x00007ffccd265000 	C:\WINDOWS\SYSTEM32\ntdll.dll
0x00007ffccb210000 - 0x00007ffccb2cd000 	C:\WINDOWS\System32\KERNEL32.DLL
0x00007ffccacb0000 - 0x00007ffccaf7d000 	C:\WINDOWS\System32\KERNELBASE.dll
0x00007ffccb690000 - 0x00007ffccb73e000 	C:\WINDOWS\System32\ADVAPI32.dll
0x00007ffcccad0000 - 0x00007ffcccb6e000 	C:\WINDOWS\System32\msvcrt.dll
0x00007ffccb970000 - 0x00007ffccba0c000 	C:\WINDOWS\System32\sechost.dll
0x00007ffcccf00000 - 0x00007ffccd025000 	C:\WINDOWS\System32\RPCRT4.dll
0x00007ffccc8c0000 - 0x00007ffccca60000 	C:\WINDOWS\System32\USER32.dll
0x00007ffccb090000 - 0x00007ffccb0b2000 	C:\WINDOWS\System32\win32u.dll
0x00007ffcccd60000 - 0x00007ffcccd8a000 	C:\WINDOWS\System32\GDI32.dll
0x00007ffcca8a0000 - 0x00007ffcca9ab000 	C:\WINDOWS\System32\gdi32full.dll
0x00007ffccab10000 - 0x00007ffccabad000 	C:\WINDOWS\System32\msvcp_win.dll
0x00007ffccabb0000 - 0x00007ffccacb0000 	C:\WINDOWS\System32\ucrtbase.dll
0x00007ffcb76f0000 - 0x00007ffcb798a000 	C:\WINDOWS\WinSxS\amd64_microsoft.windows.common-controls_6595b64144ccf1df_6.0.19041.1110_none_60b5254171f9507e\COMCTL32.dll
0x00007ffcccd90000 - 0x00007ffcccdc0000 	C:\WINDOWS\System32\IMM32.DLL
0x000000006eae0000 - 0x000000006eaec000 	C:\Program Files (x86)\360\360safe\safemon\SafeWrapper.dll
0x00007ffcb23c0000 - 0x00007ffcb2456000 	C:\Program Files (x86)\360\360safe\safemon\libzdtp64.dll
0x00007ffccc080000 - 0x00007ffccc7c4000 	C:\WINDOWS\System32\SHELL32.dll
0x00007ffccc020000 - 0x00007ffccc075000 	C:\WINDOWS\System32\SHLWAPI.dll
0x00007ffcca240000 - 0x00007ffcca24a000 	C:\WINDOWS\SYSTEM32\VERSION.dll
0x00007ffcb4750000 - 0x00007ffcb4d70000 	D:\DataCloak_DCube\Bin\Component\cpbgrd\cpbgrd64.dll
0x00007ffcccdc0000 - 0x00007ffccceea000 	C:\WINDOWS\System32\ole32.dll
0x00007ffccb330000 - 0x00007ffccb684000 	C:\WINDOWS\System32\combase.dll
0x00007ffcc69c0000 - 0x00007ffcc6c24000 	C:\WINDOWS\SYSTEM32\d3d11.dll
0x00007ffcbba00000 - 0x00007ffcbba07000 	C:\WINDOWS\SYSTEM32\MSIMG32.dll
0x00007ffcca680000 - 0x00007ffcca6ae000 	C:\WINDOWS\SYSTEM32\USERENV.dll
0x00007ffcc8730000 - 0x00007ffcc8823000 	C:\WINDOWS\SYSTEM32\dxgi.dll
0x00007ffcb7990000 - 0x00007ffcb7b35000 	C:\WINDOWS\WinSxS\amd64_microsoft.windows.gdiplus_6595b64144ccf1df_1.1.19041.1706_none_919e8e54cc8d4ca1\gdiplus.dll
0x00007ffcb3b80000 - 0x00007ffcb41a2000 	D:\DataCloak_DCube\Bin\te\ObjectVirtualizeDll_x64.dll
0x00007ffccca60000 - 0x00007ffcccacb000 	C:\WINDOWS\System32\WS2_32.dll
0x00007ffcc9af0000 - 0x00007ffcc9b2b000 	C:\WINDOWS\SYSTEM32\IPHLPAPI.DLL
0x00007ffccbf50000 - 0x00007ffccc01d000 	C:\WINDOWS\System32\oleaut32.dll
0x00007ffcc4760000 - 0x00007ffcc4775000 	D:\JDK\jre\bin\vcruntime140.dll
0x00007ffc9d640000 - 0x00007ffc9d6db000 	D:\JDK\jre\bin\msvcp140.dll
0x000000006c780000 - 0x000000006cfec000 	D:\JDK\jre\bin\server\jvm.dll
0x00007ffcccef0000 - 0x00007ffcccef8000 	C:\WINDOWS\System32\PSAPI.DLL
0x00007ffcc58d0000 - 0x00007ffcc58d9000 	C:\WINDOWS\SYSTEM32\WSOCK32.dll
0x00007ffcbd840000 - 0x00007ffcbd867000 	C:\WINDOWS\SYSTEM32\WINMM.dll
0x00007ffcc8dc0000 - 0x00007ffcc8dd2000 	C:\WINDOWS\SYSTEM32\kernel.appcore.dll
0x00007ffcc60d0000 - 0x00007ffcc60e0000 	D:\JDK\jre\bin\verify.dll
0x00007ffcb76c0000 - 0x00007ffcb76eb000 	D:\JDK\jre\bin\java.dll
0x00007ffcc49d0000 - 0x00007ffcc4a06000 	D:\JDK\jre\bin\jdwp.dll
0x00007ffcc60b0000 - 0x00007ffcc60b9000 	D:\JDK\jre\bin\npt.dll
0x00007ffcc4990000 - 0x00007ffcc49c2000 	D:\JDK\jre\bin\instrument.dll
0x00007ffcb76a0000 - 0x00007ffcb76b8000 	D:\JDK\jre\bin\zip.dll
0x00007ffcc8de0000 - 0x00007ffcc9574000 	C:\WINDOWS\SYSTEM32\windows.storage.dll
0x00007ffcca0a0000 - 0x00007ffcca0cc000 	C:\WINDOWS\SYSTEM32\Wldp.dll
0x00007ffccbea0000 - 0x00007ffccbf4d000 	C:\WINDOWS\System32\SHCORE.dll
0x00007ffcca6c0000 - 0x00007ffcca6df000 	C:\WINDOWS\SYSTEM32\profapi.dll
0x00007ffcc60a0000 - 0x00007ffcc60aa000 	D:\JDK\jre\bin\dt_socket.dll
0x00007ffcc9e00000 - 0x00007ffcc9e6a000 	C:\WINDOWS\system32\mswsock.dll
0x00007ffcb45d0000 - 0x00007ffcb45ec000 	D:\JDK\jre\bin\net.dll
0x00007ffcb1c90000 - 0x00007ffcb1ca3000 	D:\JDK\jre\bin\nio.dll
0x00007ffcc61d0000 - 0x00007ffcc61dd000 	D:\JDK\jre\bin\management.dll
0x00007ffcae300000 - 0x00007ffcae317000 	C:\WINDOWS\system32\napinsp.dll
0x00007ffcae2e0000 - 0x00007ffcae2fb000 	C:\WINDOWS\system32\pnrpnsp.dll
0x00007ffcae2c0000 - 0x00007ffcae2d5000 	C:\WINDOWS\system32\wshbth.dll
0x00007ffcc6020000 - 0x00007ffcc603d000 	C:\WINDOWS\system32\NLAapi.dll
0x00007ffcc9b30000 - 0x00007ffcc9bfb000 	C:\WINDOWS\SYSTEM32\DNSAPI.dll
0x00007ffccc7d0000 - 0x00007ffccc7d8000 	C:\WINDOWS\System32\NSI.dll
0x00007ffcae2a0000 - 0x00007ffcae2b2000 	C:\WINDOWS\System32\winrnr.dll
0x000000006d430000 - 0x000000006d456000 	C:\Program Files\Bonjour\mdnsNSP.dll
0x00007ffcc2570000 - 0x00007ffcc257a000 	C:\Windows\System32\rasadhlp.dll
0x00007ffcc2dc0000 - 0x00007ffcc2e40000 	C:\WINDOWS\System32\fwpuclnt.dll
0x00007ffccb060000 - 0x00007ffccb087000 	C:\WINDOWS\System32\bcrypt.dll
0x00007ffcc6040000 - 0x00007ffcc6064000 	D:\JDK\jre\bin\sunec.dll
0x00007ffcc6090000 - 0x00007ffcc609d000 	D:\JDK\jre\bin\sunmscapi.dll
0x00007ffcca9b0000 - 0x00007ffccab06000 	C:\WINDOWS\System32\CRYPT32.dll
0x00007ffcca110000 - 0x00007ffcca137000 	C:\WINDOWS\SYSTEM32\ncrypt.dll
0x00007ffcca0d0000 - 0x00007ffcca10b000 	C:\WINDOWS\SYSTEM32\NTASN1.dll
0x00007ffcc3d30000 - 0x00007ffcc3f14000 	C:\WINDOWS\SYSTEM32\dbghelp.dll
0x00007ffccafd0000 - 0x00007ffccb052000 	C:\WINDOWS\System32\bcryptPrimitives.dll

VM Arguments:
jvm_args: -agentlib:jdwp=transport=dt_socket,address=127.0.0.1:58642,suspend=y,server=n -ea -Didea.test.cyclic.buffer.size=1048576 -javaagent:C:\Users\Administrator\AppData\Local\JetBrains\IntelliJIdea2020.1\captureAgent\debugger-agent.jar -Dfile.encoding=UTF-8 
java_command: com.intellij.rt.junit.JUnitStarter -ideVersion5 -junit5 com.example.task.TaskApplicationTests,shardingInsert
java_class_path (initial): D:\IntelliJ IDEA 2020.1\lib\idea_rt.jar;C:\Users\Administrator\.m2\repository\org\junit\platform\junit-platform-launcher\1.7.0\junit-platform-launcher-1.7.0.jar;D:\IntelliJ IDEA 2020.1\plugins\junit\lib\junit5-rt.jar;D:\IntelliJ IDEA 2020.1\plugins\junit\lib\junit-rt.jar;D:\JDK\jre\lib\charsets.jar;D:\JDK\jre\lib\deploy.jar;D:\JDK\jre\lib\ext\access-bridge-64.jar;D:\JDK\jre\lib\ext\cldrdata.jar;D:\JDK\jre\lib\ext\dnsns.jar;D:\JDK\jre\lib\ext\jaccess.jar;D:\JDK\jre\lib\ext\jfxrt.jar;D:\JDK\jre\lib\ext\localedata.jar;D:\JDK\jre\lib\ext\nashorn.jar;D:\JDK\jre\lib\ext\sunec.jar;D:\JDK\jre\lib\ext\sunjce_provider.jar;D:\JDK\jre\lib\ext\sunmscapi.jar;D:\JDK\jre\lib\ext\sunpkcs11.jar;D:\JDK\jre\lib\ext\zipfs.jar;D:\JDK\jre\lib\javaws.jar;D:\JDK\jre\lib\jce.jar;D:\JDK\jre\lib\jfr.jar;D:\JDK\jre\lib\jfxswt.jar;D:\JDK\jre\lib\jsse.jar;D:\JDK\jre\lib\management-agent.jar;D:\JDK\jre\lib\plugin.jar;D:\JDK\jre\lib\resources.jar;D:\JDK\jre\lib\rt.jar;D:\Task_new\Task\task\target\test-classes;D:\Task_new\Task\task\target\classes;C:\Users\Administrator\.m2\repository\org\springframework\boot\spring-boot-starter-jdbc\2.4.2\spring-boot-starter-jdbc-2.4.2.jar;C:\Users\Administrator\.m2\repository\org\springframework\boot\spring-boot-starter\2.4.2\spring-boot-starter-2.4.2.jar;C:\Users\Administrator\.m2\repository\org\springframework\boot\spring-boot\2.4.2\spring-boot-2.4.2.jar;C:\Users\Administrator\.m2\repository\org\springframework\boot\spring-boot-autoconfigure\2.4.2\spring-boot-autoconfigure-2.4.2.jar;C:\Users\Administrator\.m2\repository\org\springframework\boot\spring-boot-starter-logging\2.4.2\spring-boot-starter-logging-2.4.2.jar;C:\Users\Administrator\.m2\repository\ch\qos\logback\logback-classic\1.2.3\logback-classic-1.2.3.jar;C:\Users\Administrator\.m2\repository\ch\qos\logback\logback-core\1.2.3\logback-core-1.2.3.jar;C:\Users\Administrator\.m2\repository\org\apache\logging\log4j\log4j-to-slf4j\2.13.3\log4j-to-slf4j-2.13.3.jar;C:\Users\Administr
Launcher Type: SUN_STANDARD

Environment Variables:
JAVA_HOME=D:\JDK
CLASSPATH=D:\JDK\lib;D:\JDK\lib\tools.jar
PATH=C:\Program Files (x86)\Common Files\Oracle\Java\javapath;C:\Windows\system32;C:\Windows;C:\Windows\System32\Wbem;C:\Windows\System32\WindowsPowerShell\v1.0\;C:\Windows\System32\OpenSSH\;C:\WINDOWS\system32;C:\WINDOWS;C:\WINDOWS\System32\Wbem;C:\WINDOWS\System32\WindowsPowerShell\v1.0\;C:\WINDOWS\System32\OpenSSH\;C:\Program Files (x86)\NVIDIA Corporation\PhysX\Common;C:\Program Files\NVIDIA Corporation\NVIDIA NvDLISR;"D:\JDK\bin;D:\JDK\jre\bin";D:\Nodejs\;D:\BaiduNetdiskDownload\maven\apache-maven-3.6.3\bin;D:\SVN\bin;D:\Git\cmd;C:\Users\Administrator\AppData\Local\Microsoft\WindowsApps;C:\Users\Administrator\AppData\Roaming\npm;D:\Fiddler
USERNAME=Administrator
OS=Windows_NT
PROCESSOR_IDENTIFIER=Intel64 Family 6 Model 158 Stepping 9, GenuineIntel



---------------  S Y S T E M  ---------------

OS: Windows 10.0 , 64 bit Build 19041 (10.0.19041.1706)

CPU:total 4 (initial active 4) (4 cores per cpu, 1 threads per core) family 6 model 158 stepping 9, cmov, cx8, fxsr, mmx, sse, sse2, sse3, ssse3, sse4.1, sse4.2, popcnt, avx, avx2, aes, clmul, erms, rtm, 3dnowpref, lzcnt, tsc, tscinvbit, bmi1, bmi2, adx

Memory: 4k page, physical 8345000k(2238256k free), swap 9880116k(6100k free)

vm_info: Java HotSpot(TM) 64-Bit Server VM (25.261-b12) for windows-amd64 JRE (1.8.0_261-b12), built on Jun 18 2020 06:56:32 by "" with unknown MS VC++:1916

time: Sun Jun 26 17:20:10 2022
timezone: 中国标准时间
elapsed time: 7 seconds (0d 0h 0m 7s)

